<?xml version="1.0" encoding="UTF-8"?>
<!-- Generated by org.testng.reporters.JUnitReportReporter -->
<testsuite hostname="DESKTOP-LPFVUTP" failures="0" tests="1" name="com.qa.testcase.WebApp" time="4.842" errors="0" timestamp="01 Mar 2021 02:18:29 GMT" skipped="0">
  <testcase classname="com.qa.testcase.WebApp" name="WebappSearchboxTest" time="4.842"/>
</testsuite> <!-- com.qa.testcase.WebApp -->
